Build started 21-5-2015 15:00:29.
     1>Project "C:\git\2IV15-Assignment-1\Source\Source\Source.vcxproj" on node 2 (Build target(s)).
     1>ClCompile:
         C:\Program Files (x86)\Microsoft Visual Studio 12.0\VC\bin\CL.exe /c /Ilib/ /Iinclude/ /ZI /nologo /W3 /WX- /sdl /Od /Oy- /D WIN32 /D _DEBUG /D _CONSOLE /D _UNICODE /D UNICODE /Gm /EHsc /RTC1 /MDd /GS /fp:precise /Zc:wchar_t /Zc:forScope /Fo"Debug\\" /Fd"Debug\vc120.pdb" /Gd /TP /analyze- /errorReport:prompt MidPoint.cpp TinkerToy.cpp linearSolver.cpp
         linearSolver.cpp
         TinkerToy.cpp
     1>c:\git\2iv15-assignment-1\source\source\include\gfx\vec2.h(97): warning C4005: '_MSC_VER' : macro redefinition
                 command-line arguments :  see previous definition of '_MSC_VER'
     1>c:\git\2iv15-assignment-1\source\source\tinkertoy.cpp(524): warning C4018: '<' : signed/unsigned mismatch
         MidPoint.cpp
     1>c:\git\2iv15-assignment-1\source\source\include\gfx\vec2.h(97): warning C4005: '_MSC_VER' : macro redefinition
                 command-line arguments :  see previous definition of '_MSC_VER'
     1>c:\git\2iv15-assignment-1\source\source\constraintsolver.h(9): warning C4067: unexpected tokens following preprocessor directive - expected a newline
         Generating Code...
       Link:
         C:\Program Files (x86)\Microsoft Visual Studio 12.0\VC\bin\link.exe /ERRORREPORT:PROMPT /OUT:"C:\git\2IV15-Assignment-1\Source\Debug\Source.exe" /INCREMENTAL /NOLOGO /LIBPATH:lib/ glut32.lib libpng16.lib zlib.lib kernel32.lib user32.lib gdi32.lib winspool.lib comdlg32.lib advapi32.lib shell32.lib ole32.lib oleaut32.lib uuid.lib odbc32.lib odbccp32.lib /MANIFEST /MANIFESTUAC:"level='asInvoker' uiAccess='false'" /manifest:embed /DEBUG /PDB:"C:\git\2IV15-Assignment-1\Source\Debug\Source.pdb" /SUBSYSTEM:CONSOLE /TLBID:1 /DYNAMICBASE /NXCOMPAT /IMPLIB:"C:\git\2IV15-Assignment-1\Source\Debug\Source.lib" /MACHINE:X86 Debug\ConstraintSolver.obj
         Debug\Euler.obj
         Debug\Gravity.obj
         Debug\imageio.obj
         Debug\linearSolver.obj
         Debug\Matrix.obj
         Debug\MidPoint.obj
         Debug\MouseForce.obj
         Debug\Particle.obj
         Debug\RodConstraint.obj
         Debug\RungeKutta4thOrder.obj
         Debug\Solver.obj
         Debug\SpringForce.obj
         Debug\TinkerToy.obj
     1>TinkerToy.obj : error LNK2019: unresolved external symbol "public: __thiscall CircularWireConstraint::CircularWireConstraint(class Particle *,class gfx::TVec2<float> const &,double)" (??0CircularWireConstraint@@QAE@PAVParticle@@ABV?$TVec2@M@gfx@@N@Z) referenced in function "void __cdecl init_system(void)" (?init_system@@YAXXZ)
     1>C:\git\2IV15-Assignment-1\Source\Debug\Source.exe : fatal error LNK1120: 1 unresolved externals
     1>Done Building Project "C:\git\2IV15-Assignment-1\Source\Source\Source.vcxproj" (Build target(s)) -- FAILED.

Build FAILED.

Time Elapsed 00:00:03.70
